Thu Jan 04 20:30:38 2018 UTC - Module file name: C:\Users\dazzy\Documents\Artificer\sdk\client\gameoverlayrenderer64.dll
Thu Jan 04 20:30:38 2018 UTC - GameID = 609960
Thu Jan 04 20:30:38 2018 UTC - System page size: 4096
Thu Jan 04 20:30:38 2018 UTC - Hooking SetCursorPos, GetCursorPos, ShowCursor, and SetCursor
Thu Jan 04 20:30:38 2018 UTC - Aborting HookFunc because pHookFunctionAddr is null
Thu Jan 04 20:30:38 2018 UTC - Failed hooking RegisterDeviceNotificationA()
Thu Jan 04 20:30:38 2018 UTC - Aborting HookFunc because pHookFunctionAddr is null
Thu Jan 04 20:30:38 2018 UTC - Failed hooking RegisterDeviceNotificationW()
Thu Jan 04 20:30:38 2018 UTC - Aborting HookFunc because pHookFunctionAddr is null
Thu Jan 04 20:30:38 2018 UTC - Failed hooking UnregisterDeviceNotification()
Thu Jan 04 20:30:38 2018 UTC - Game is using dxgi (dx10/dx11), preparing to hook.
Thu Jan 04 20:30:38 2018 UTC - Game is using opengl32.dll... hooking.
Thu Jan 04 20:30:38 2018 UTC - XInput Hooked XInputGetCapabilities Version 10
Thu Jan 04 20:30:38 2018 UTC - XInput Hooked XInputGetDSoundAudioDeviceGuids Version 10
Thu Jan 04 20:30:38 2018 UTC - XInput Hooked XInputGetState Version 10
Thu Jan 04 20:30:38 2018 UTC - XInput Hooked XInputSetState Version 10
Thu Jan 04 20:30:38 2018 UTC - Modules at GameOverlayRenderer.dll attach
Thu Jan 04 20:30:38 2018 UTC - 01: Unity.exe - (0X0000000140000000 to 0X0000000144E89000)
Thu Jan 04 20:30:38 2018 UTC - 02: ntdll.dll - (0X00007FFBED7A0000 to 0X00007FFBED980000)
Thu Jan 04 20:30:38 2018 UTC - 03: aswhooka.dll - (0X00007FFBB0270000 to 0X00007FFBB02A4000)
Thu Jan 04 20:30:38 2018 UTC - 04: KERNEL32.DLL - (0X00007FFBEB850000 to 0X00007FFBEB8FE000)
Thu Jan 04 20:30:38 2018 UTC - 05: KERNELBASE.dll - (0X00007FFBEA800000 to 0X00007FFBEAA66000)
Thu Jan 04 20:30:38 2018 UTC - 06: ole32.dll - (0X00007FFBEB030000 to 0X00007FFBEB179000)
Thu Jan 04 20:30:38 2018 UTC - 07: combase.dll - (0X00007FFBEBDE0000 to 0X00007FFBEC0E8000)
Thu Jan 04 20:30:38 2018 UTC - 08: ucrtbase.dll - (0X00007FFBEA390000 to 0X00007FFBEA486000)
Thu Jan 04 20:30:38 2018 UTC - 09: RPCRT4.dll - (0X00007FFBEAC80000 to 0X00007FFBEAD9F000)
Thu Jan 04 20:30:38 2018 UTC - 10: bcryptPrimitives.dll - (0X00007FFBEA490000 to 0X00007FFBEA502000)
Thu Jan 04 20:30:38 2018 UTC - 11: GDI32.dll - (0X00007FFBEC280000 to 0X00007FFBEC2A8000)
Thu Jan 04 20:30:38 2018 UTC - 12: gdi32full.dll - (0X00007FFBEAAD0000 to 0X00007FFBEAC63000)
Thu Jan 04 20:30:38 2018 UTC - 13: msvcp_win.dll - (0X00007FFBE9BA0000 to 0X00007FFBE9C3B000)
Thu Jan 04 20:30:38 2018 UTC - 14: USER32.dll - (0X00007FFBEC0F0000 to 0X00007FFBEC27F000)
Thu Jan 04 20:30:38 2018 UTC - 15: win32u.dll - (0X00007FFBEA5C0000 to 0X00007FFBEA5E0000)
Thu Jan 04 20:30:38 2018 UTC - 16: sechost.dll - (0X00007FFBEADA0000 to 0X00007FFBEADFB000)
Thu Jan 04 20:30:38 2018 UTC - 17: COMDLG32.dll - (0X00007FFBEAF20000 to 0X00007FFBEB02A000)
Thu Jan 04 20:30:38 2018 UTC - 18: msvcrt.dll - (0X00007FFBEAE80000 to 0X00007FFBEAF1D000)
Thu Jan 04 20:30:38 2018 UTC - 19: shcore.dll - (0X00007FFBEB180000 to 0X00007FFBEB226000)
Thu Jan 04 20:30:38 2018 UTC - 20: SHLWAPI.dll - (0X00007FFBEB7F0000 to 0X00007FFBEB841000)
Thu Jan 04 20:30:38 2018 UTC - 21: SHELL32.dll - (0X00007FFBEC330000 to 0X00007FFBED766000)
Thu Jan 04 20:30:38 2018 UTC - 22: cfgmgr32.dll - (0X00007FFBEA7B0000 to 0X00007FFBEA7FA000)
Thu Jan 04 20:30:38 2018 UTC - 23: windows.storage.dll - (0X00007FFBE9C40000 to 0X00007FFBEA387000)
Thu Jan 04 20:30:38 2018 UTC - 24: advapi32.dll - (0X00007FFBEBD30000 to 0X00007FFBEBDD1000)
Thu Jan 04 20:30:38 2018 UTC - 25: kernel.appcore.dll - (0X00007FFBE9B10000 to 0X00007FFBE9B21000)
Thu Jan 04 20:30:38 2018 UTC - 26: powrprof.dll - (0X00007FFBE9B30000 to 0X00007FFBE9B7C000)
Thu Jan 04 20:30:38 2018 UTC - 27: profapi.dll - (0X00007FFBE9B80000 to 0X00007FFBE9B9B000)
Thu Jan 04 20:30:38 2018 UTC - 28: IMM32.dll - (0X00007FFBEB2A0000 to 0X00007FFBEB2CD000)
Thu Jan 04 20:30:38 2018 UTC - 29: SETUPAPI.dll - (0X00007FFBEB2D0000 to 0X00007FFBEB71E000)
Thu Jan 04 20:30:38 2018 UTC - 30: WS2_32.dll - (0X00007FFBEB230000 to 0X00007FFBEB29C000)
Thu Jan 04 20:30:38 2018 UTC - 31: CRYPT32.dll - (0X00007FFBEA5E0000 to 0X00007FFBEA7AE000)
Thu Jan 04 20:30:38 2018 UTC - 32: MSASN1.dll - (0X00007FFBE9AF0000 to 0X00007FFBE9B02000)
Thu Jan 04 20:30:38 2018 UTC - 33: OLEAUT32.dll - (0X00007FFBEB720000 to 0X00007FFBEB7E5000)
Thu Jan 04 20:30:38 2018 UTC - 34: FreeImage.dll - (0X0000000180000000 to 0X00000001805E1000)
Thu Jan 04 20:30:38 2018 UTC - 35: HID.DLL - (0X00007FFBE88D0000 to 0X00007FFBE88DC000)
Thu Jan 04 20:30:38 2018 UTC - 36: TextureConverter.dll - (0X00007FFBA5E20000 to 0X00007FFBA6472000)
Thu Jan 04 20:30:38 2018 UTC - 37: umbraoptimizer64.dll - (0X00007FFBC2290000 to 0X00007FFBC2402000)
Thu Jan 04 20:30:38 2018 UTC - 38: WLDAP32.dll - (0X00007FFBEBC10000 to 0X00007FFBEBC6E000)
Thu Jan 04 20:30:38 2018 UTC - 39: libcef.dll - (0X00007FFB9FAB0000 to 0X00007FFBA2C7D000)
Thu Jan 04 20:30:38 2018 UTC - 40: PSAPI.DLL - (0X00007FFBEBC80000 to 0X00007FFBEBC88000)
Thu Jan 04 20:30:38 2018 UTC - 41: ispc_texcomp.dll - (0X00007FFBA6EE0000 to 0X00007FFBA7054000)
Thu Jan 04 20:30:38 2018 UTC - 42: SketchUpAPI.dll - (0X00007FFBA55F0000 to 0X00007FFBA5E1F000)
Thu Jan 04 20:30:38 2018 UTC - 43: COMCTL32.dll - (0X00007FFBE1AE0000 to 0X00007FFBE1D49000)
Thu Jan 04 20:30:38 2018 UTC - 44: OPENGL32.dll - (0X00007FFBC9B40000 to 0X00007FFBC9C5E000)
Thu Jan 04 20:30:38 2018 UTC - 45: GLU32.dll - (0X00007FFBDC490000 to 0X00007FFBDC4BC000)
Thu Jan 04 20:30:38 2018 UTC - 46: IPHLPAPI.DLL - (0X00007FFBE90B0000 to 0X00007FFBE90E9000)
Thu Jan 04 20:30:38 2018 UTC - 47: DNSAPI.dll - (0X00007FFBE9100000 to 0X00007FFBE91B6000)
Thu Jan 04 20:30:38 2018 UTC - 48: NSI.dll - (0X00007FFBEAC70000 to 0X00007FFBEAC78000)
Thu Jan 04 20:30:38 2018 UTC - 49: WINHTTP.dll - (0X00007FFBE2300000 to 0X00007FFBE23DE000)
Thu Jan 04 20:30:38 2018 UTC - 50: VERSION.dll - (0X00007FFBE1DF0000 to 0X00007FFBE1DFA000)
Thu Jan 04 20:30:38 2018 UTC - 51: WINMM.dll - (0X00007FFBE7C60000 to 0X00007FFBE7C83000)
Thu Jan 04 20:30:38 2018 UTC - 52: WINSPOOL.DRV - (0X00007FFBE12E0000 to 0X00007FFBE1366000)
Thu Jan 04 20:30:38 2018 UTC - 53: USERENV.dll - (0X00007FFBE9A20000 to 0X00007FFBE9A49000)
Thu Jan 04 20:30:38 2018 UTC - 54: urlmon.dll - (0X00007FFBDDD60000 to 0X00007FFBDDF2C000)
Thu Jan 04 20:30:38 2018 UTC - 55: imagehlp.dll - (0X00007FFBEC310000 to 0X00007FFBEC32D000)
Thu Jan 04 20:30:38 2018 UTC - 56: dhcpcsvc.DLL - (0X00007FFBE2770000 to 0X00007FFBE278A000)
Thu Jan 04 20:30:38 2018 UTC - 57: WTSAPI32.dll - (0X00007FFBE6ED0000 to 0X00007FFBE6EE3000)
Thu Jan 04 20:30:38 2018 UTC - 58: Secur32.dll - (0X00007FFBD7E20000 to 0X00007FFBD7E2C000)
Thu Jan 04 20:30:38 2018 UTC - 59: OLEACC.dll - (0X00007FFBE1270000 to 0X00007FFBE12DE000)
Thu Jan 04 20:30:38 2018 UTC - 60: USP10.dll - (0X00007FFBE3150000 to 0X00007FFBE3169000)
Thu Jan 04 20:30:38 2018 UTC - 61: MSVCP140.dll - (0X00007FFBD0630000 to 0X00007FFBD06CF000)
Thu Jan 04 20:30:38 2018 UTC - 62: VCRUNTIME140.dll - (0X00007FFBDD650000 to 0X00007FFBDD666000)
Thu Jan 04 20:30:38 2018 UTC - 63: WINMMBASE.dll - (0X00007FFBE7C00000 to 0X00007FFBE7C2A000)
Thu Jan 04 20:30:38 2018 UTC - 64: bcrypt.dll - (0X00007FFBE95F0000 to 0X00007FFBE9615000)
Thu Jan 04 20:30:38 2018 UTC - 65: iertutil.dll - (0X00007FFBDE2F0000 to 0X00007FFBDE589000)
Thu Jan 04 20:30:38 2018 UTC - 66: CRYPTBASE.DLL - (0X00007FFBE9500000 to 0X00007FFBE950B000)
Thu Jan 04 20:30:38 2018 UTC - 67: SSPICLI.DLL - (0X00007FFBE99F0000 to 0X00007FFBE9A20000)
Thu Jan 04 20:30:38 2018 UTC - 68: OpenRL.dll - (0X0000000002830000 to 0X0000000003460000)
Thu Jan 04 20:30:38 2018 UTC - 69: MSVCP100.dll - (0X000000005E9A0000 to 0X000000005EA38000)
Thu Jan 04 20:30:38 2018 UTC - 70: MSVCR100.dll - (0X000000005E1C0000 to 0X000000005E291000)
Thu Jan 04 20:30:38 2018 UTC - 71: embree.dll - (0X00007FFB9EAC0000 to 0X00007FFB9FAB0000)
Thu Jan 04 20:30:38 2018 UTC - 72: tbb.dll - (0X00007FFBC98A0000 to 0X00007FFBC9905000)
Thu Jan 04 20:30:38 2018 UTC - 73: MSVCP120.dll - (0X00007FFBC5620000 to 0X00007FFBC56C6000)
Thu Jan 04 20:30:38 2018 UTC - 74: MSVCR120.dll - (0X00007FFBC2460000 to 0X00007FFBC254F000)
Thu Jan 04 20:30:38 2018 UTC - 75: OpenRL_pthread.dll - (0X00000000001E0000 to 0X00000000001EF000)
Thu Jan 04 20:30:38 2018 UTC - 76: uxtheme.dll - (0X00007FFBE7F00000 to 0X00007FFBE7F95000)
Thu Jan 04 20:30:38 2018 UTC - 77: tiptsf.dll - (0X00007FFBC88B0000 to 0X00007FFBC8959000)
Thu Jan 04 20:30:38 2018 UTC - 78: mswsock.dll - (0X00007FFBE9320000 to 0X00007FFBE9386000)
Thu Jan 04 20:30:38 2018 UTC - 79: MSCTF.dll - (0X00007FFBEBAA0000 to 0X00007FFBEBC07000)
Thu Jan 04 20:30:38 2018 UTC - 80: dhcpcsvc6.DLL - (0X00007FFBE1E00000 to 0X00007FFBE1E16000)
Thu Jan 04 20:30:38 2018 UTC - 81: clbcatq.dll - (0X00007FFBEBC90000 to 0X00007FFBEBD2E000)
Thu Jan 04 20:30:38 2018 UTC - 82: wbemprox.dll - (0X00007FFBD8C10000 to 0X00007FFBD8C1F000)
Thu Jan 04 20:30:38 2018 UTC - 83: wbemcomn.dll - (0X00007FFBDA860000 to 0X00007FFBDA8E1000)
Thu Jan 04 20:30:38 2018 UTC - 84: wbemsvc.dll - (0X00007FFBD8BF0000 to 0X00007FFBD8C04000)
Thu Jan 04 20:30:38 2018 UTC - 85: fastprox.dll - (0X00007FFBD8240000 to 0X00007FFBD8330000)
Thu Jan 04 20:30:38 2018 UTC - 86: CRYPTSP.dll - (0X00007FFBE94E0000 to 0X00007FFBE94F7000)
Thu Jan 04 20:30:38 2018 UTC - 87: rsaenh.dll - (0X00007FFBE8F30000 to 0X00007FFBE8F63000)
Thu Jan 04 20:30:38 2018 UTC - 88: ntmarta.dll - (0X00007FFBE8CE0000 to 0X00007FFBE8D11000)
Thu Jan 04 20:30:38 2018 UTC - 89: apphelp.dll - (0X00007FFBE7D80000 to 0X00007FFBE7E08000)
Thu Jan 04 20:30:38 2018 UTC - 90: dwmapi.dll - (0X00007FFBE8170000 to 0X00007FFBE819A000)
Thu Jan 04 20:30:38 2018 UTC - 91: NLAapi.dll - (0X00007FFBE6520000 to 0X00007FFBE6538000)
Thu Jan 04 20:30:38 2018 UTC - 92: audioses.dll - (0X00007FFBDAF00000 to 0X00007FFBDB022000)
Thu Jan 04 20:30:38 2018 UTC - 93: wintypes.dll - (0X00007FFBE5E00000 to 0X00007FFBE5F36000)
Thu Jan 04 20:30:38 2018 UTC - 94: MMDevAPI.DLL - (0X00007FFBE2290000 to 0X00007FFBE22FF000)
Thu Jan 04 20:30:38 2018 UTC - 95: AVRT.dll - (0X00007FFBE57B0000 to 0X00007FFBE57BA000)
Thu Jan 04 20:30:38 2018 UTC - 96: DEVOBJ.dll - (0X00007FFBE9900000 to 0X00007FFBE9927000)
Thu Jan 04 20:30:38 2018 UTC - 97: PROPSYS.dll - (0X00007FFBE6EF0000 to 0X00007FFBE70A1000)
Thu Jan 04 20:30:38 2018 UTC - 98: WINTRUST.dll - (0X00007FFBEAA70000 to 0X00007FFBEAAC8000)
Thu Jan 04 20:30:38 2018 UTC - 99: WINSTA.dll - (0X00007FFBE98A0000 to 0X00007FFBE98F5000)
Thu Jan 04 20:30:38 2018 UTC - 100: dataexchange.dll - (0X00007FFBDDF40000 to 0X00007FFBDDF8F000)
Thu Jan 04 20:30:38 2018 UTC - 101: d3d11.dll - (0X00007FFBE6B00000 to 0X00007FFBE6DE1000)
Thu Jan 04 20:30:38 2018 UTC - 102: dcomp.dll - (0X00007FFBE76D0000 to 0X00007FFBE7812000)
Thu Jan 04 20:30:38 2018 UTC - 103: dxgi.dll - (0X00007FFBE8960000 to 0X00007FFBE8A0F000)
Thu Jan 04 20:30:38 2018 UTC - 104: twinapi.appcore.dll - (0X00007FFBE82F0000 to 0X00007FFBE846B000)
Thu Jan 04 20:30:38 2018 UTC - 105: RMCLIENT.dll - (0X00007FFBE8260000 to 0X00007FFBE8280000)
Thu Jan 04 20:30:38 2018 UTC - 106: uiautomationcore.dll - (0X00007FFBE1820000 to 0X00007FFBE1A26000)
Thu Jan 04 20:30:38 2018 UTC - 107: sxs.dll - (0X00007FFBE9950000 to 0X00007FFBE99EA000)
Thu Jan 04 20:30:38 2018 UTC - 108: CoreMessaging.dll - (0X00007FFBE6DF0000 to 0X00007FFBE6ECD000)
Thu Jan 04 20:30:38 2018 UTC - 109: CoreUIComponents.dll - (0X00007FFBE4E90000 to 0X00007FFBE517E000)
Thu Jan 04 20:30:38 2018 UTC - 110: netprofm.dll - (0X00007FFBE5CC0000 to 0X00007FFBE5CFA000)
Thu Jan 04 20:30:38 2018 UTC - 111: npmproxy.dll - (0X00007FFBE1260000 to 0X00007FFBE126E000)
Thu Jan 04 20:30:38 2018 UTC - 112: rasadhlp.dll - (0X00007FFBE02E0000 to 0X00007FFBE02EA000)
Thu Jan 04 20:30:38 2018 UTC - 113: fwpuclnt.dll - (0X00007FFBE08D0000 to 0X00007FFBE0940000)
Thu Jan 04 20:30:38 2018 UTC - 114: TextInputFramework.dll - (0X00007FFBE2A90000 to 0X00007FFBE2B28000)
Thu Jan 04 20:30:38 2018 UTC - 115: gpapi.dll - (0X00007FFBE88E0000 to 0X00007FFBE8902000)
Thu Jan 04 20:30:38 2018 UTC - 116: cryptnet.dll - (0X00007FFBE8580000 to 0X00007FFBE85AF000)
Thu Jan 04 20:30:38 2018 UTC - 117: wdmaud.drv - (0X00007FFBDDA40000 to 0X00007FFBDDA82000)
Thu Jan 04 20:30:38 2018 UTC - 118: ksuser.dll - (0X00007FFBE3170000 to 0X00007FFBE3179000)
Thu Jan 04 20:30:38 2018 UTC - 119: msacm32.drv - (0X00007FFBE3E00000 to 0X00007FFBE3E0C000)
Thu Jan 04 20:30:38 2018 UTC - 120: MSACM32.dll - (0X00007FFBE2A70000 to 0X00007FFBE2A8C000)
Thu Jan 04 20:30:38 2018 UTC - 121: midimap.dll - (0X00007FFBE2A40000 to 0X00007FFBE2A4A000)
Thu Jan 04 20:30:38 2018 UTC - 122: explorerframe.dll - (0X00007FFBCA880000 to 0X00007FFBCAD13000)
Thu Jan 04 20:30:38 2018 UTC - 123: igd10iumd64.dll - (0X00007FFBCDA20000 to 0X00007FFBCE5C2000)
Thu Jan 04 20:30:38 2018 UTC - 124: ncrypt.dll - (0X00007FFBE95C0000 to 0X00007FFBE95E6000)
Thu Jan 04 20:30:38 2018 UTC - 125: NTASN1.dll - (0X00007FFBE9580000 to 0X00007FFBE95B6000)
Thu Jan 04 20:30:38 2018 UTC - 126: igdusc64.dll - (0X00007FFBD3A30000 to 0X00007FFBD3E94000)
Thu Jan 04 20:30:38 2018 UTC - 127: dbghelp.dll - (0X00007FFBD8470000 to 0X00007FFBD8638000)
Thu Jan 04 20:30:38 2018 UTC - 128: tbbmalloc.dll - (0X00007FFBC9840000 to 0X00007FFBC989B000)
Thu Jan 04 20:30:38 2018 UTC - 129: mono.dll - (0X00007FFBA4420000 to 0X00007FFBA46FF000)
Thu Jan 04 20:30:38 2018 UTC - 130: AudioPluginMsHRTF.dll - (0X00007FFBA3430000 to 0X00007FFBA371E000)
Thu Jan 04 20:30:38 2018 UTC - 131: HrtfApo.dll - (0X00007FFBDB090000 to 0X00007FFBDB109000)
Thu Jan 04 20:30:38 2018 UTC - 132: AudioPluginOculusSpatializer.dll - (0X00007FFBA30F0000 to 0X00007FFBA3422000)
Thu Jan 04 20:30:38 2018 UTC - 133: Microsoft.VisualStudio.Setup.Configuration.Native.dll - (0X00007FFBC5570000 to 0X00007FFBC55D5000)
Thu Jan 04 20:30:38 2018 UTC - 134: WindowsCodecs.dll - (0X00007FFBE54A0000 to 0X00007FFBE564B000)
Thu Jan 04 20:30:38 2018 UTC - 135: thumbcache.dll - (0X00007FFBDD5C0000 to 0X00007FFBDD61B000)
Thu Jan 04 20:30:38 2018 UTC - 136: policymanager.dll - (0X00007FFBE64A0000 to 0X00007FFBE651B000)
Thu Jan 04 20:30:38 2018 UTC - 137: msvcp110_win.dll - (0X00007FFBE6410000 to 0X00007FFBE64A0000)
Thu Jan 04 20:30:38 2018 UTC - 138: xinput9_1_0.dll - (0X00007FFBE1800000 to 0X00007FFBE1807000)
Thu Jan 04 20:30:38 2018 UTC - 139: CSteamworks.dll - (0X00007FFBCCEF0000 to 0X00007FFBCCF1D000)
Thu Jan 04 20:30:38 2018 UTC - 140: steam_api64.dll - (0X000000005E960000 to 0X000000005E9A0000)
Thu Jan 04 20:30:38 2018 UTC - 141: RakNet.dll - (0X000000004AAC0000 to 0X000000004AD0F000)
Thu Jan 04 20:30:38 2018 UTC - 142: MSVCR90.dll - (0X000000005E110000 to 0X000000005E1B3000)
Thu Jan 04 20:30:38 2018 UTC - 143: MSVCP90.dll - (0X000000005E030000 to 0X000000005E103000)
Thu Jan 04 20:30:38 2018 UTC - 144: napinsp.dll - (0X00007FFBB9BE0000 to 0X00007FFBB9BF6000)
Thu Jan 04 20:30:38 2018 UTC - 145: pnrpnsp.dll - (0X00007FFBB9BC0000 to 0X00007FFBB9BDA000)
Thu Jan 04 20:30:38 2018 UTC - 146: winrnr.dll - (0X00007FFBBAB00000 to 0X00007FFBBAB0E000)
Thu Jan 04 20:30:38 2018 UTC - 147: wshbth.dll - (0X00007FFBE3DE0000 to 0X00007FFBE3DF5000)
Thu Jan 04 20:30:38 2018 UTC - 148: CLDAPI.dll - (0X00007FFBDD290000 to 0X00007FFBDD2A9000)
Thu Jan 04 20:30:38 2018 UTC - 149: FLTLIB.DLL - (0X00007FFBDDD50000 to 0X00007FFBDDD5A000)
Thu Jan 04 20:30:38 2018 UTC - 150: AEPIC.dll - (0X00007FFBDD240000 to 0X00007FFBDD284000)
Thu Jan 04 20:30:38 2018 UTC - 151: edputil.dll - (0X00007FFBE5970000 to 0X00007FFBE59B4000)
Thu Jan 04 20:30:38 2018 UTC - 152: Windows.StateRepositoryPS.dll - (0X00007FFBDB7E0000 to 0X00007FFBDB903000)
Thu Jan 04 20:30:38 2018 UTC - 153: Windows.UI.AppDefaults.dll - (0X00007FFBC5D60000 to 0X00007FFBC5D9F000)
Thu Jan 04 20:30:38 2018 UTC - 154: msiso.dll - (0X00007FFBD30D0000 to 0X00007FFBD313F000)
Thu Jan 04 20:30:38 2018 UTC - 155: OneCoreUAPCommonProxyStub.dll - (0X00007FFBE4260000 to 0X00007FFBE4854000)
Thu Jan 04 20:30:38 2018 UTC - 156: mssprxy.dll - (0X00007FFBD4210000 to 0X00007FFBD4238000)
Thu Jan 04 20:30:38 2018 UTC - 157: coml2.dll - (0X00007FFBEAE00000 to 0X00007FFBEAE71000)
Thu Jan 04 20:30:38 2018 UTC - 158: LINKINFO.dll - (0X00007FFBE4900000 to 0X00007FFBE4910000)
Thu Jan 04 20:30:38 2018 UTC - 159: ntshrui.dll - (0X00007FFBD4E30000 to 0X00007FFBD4F07000)
Thu Jan 04 20:30:38 2018 UTC - 160: srvcli.dll - (0X00007FFBDC810000 to 0X00007FFBDC836000)
Thu Jan 04 20:30:38 2018 UTC - 161: cscapi.dll - (0X00007FFBD8CA0000 to 0X00007FFBD8CB2000)
Thu Jan 04 20:30:38 2018 UTC - 162: netutils.dll - (0X00007FFBE90F0000 to 0X00007FFBE90FE000)
Thu Jan 04 20:30:38 2018 UTC - 163: twinapi.dll - (0X00007FFBE1E60000 to 0X00007FFBE1EE1000)
Thu Jan 04 20:30:38 2018 UTC - 164: steamclient64.dll - (0X0000000056E50000 to 0X0000000057C46000)
Thu Jan 04 20:30:38 2018 UTC - 165: vstdlib_s64.dll - (0X000000005E8F0000 to 0X000000005E95B000)
Thu Jan 04 20:30:38 2018 UTC - 166: tier0_s64.dll - (0X0000000031F50000 to 0X00000000322C2000)
Thu Jan 04 20:30:38 2018 UTC - 167: gameoverlayrenderer64.dll - (0X00007FFBA4860000 to 0X00007FFBA49E3000)
Thu Jan 04 20:30:38 2018 UTC - ----------------------------
Fri Jan 05 16:39:40 2018 UTC - Aborting UnhookFunc because pRealFunctionAddr is not hooked
Fri Jan 05 16:39:40 2018 UTC - Aborting UnhookFunc because pRealFunctionAddr is not hooked
Fri Jan 05 16:39:40 2018 UTC - Aborting UnhookFunc because pRealFunctionAddr is not hooked
Fri Jan 05 16:39:40 2018 UTC - Aborting UnhookFunc because pRealFunctionAddr is not hooked
Fri Jan 05 16:39:40 2018 UTC - XInput Hooked XInputEnable Version 14
Fri Jan 05 16:39:40 2018 UTC - XInput Hooked XInputGetAudioDeviceIds Version 14
Fri Jan 05 16:39:40 2018 UTC - XInput Hooked XInputGetBatteryInformation Version 14
Fri Jan 05 16:39:40 2018 UTC - XInput Hooked XInputGetCapabilities Version 14
Fri Jan 05 16:39:40 2018 UTC - XInput Hooked XInputGetKeystroke Version 14
Fri Jan 05 16:39:40 2018 UTC - XInput Hooked XInputGetState Version 14
Fri Jan 05 16:39:40 2018 UTC - XInput Hooked XInputGetStateEX Version 14
Fri Jan 05 16:39:40 2018 UTC - XInput Hooked XInputSetState Version 14
